<?xml version="1.0" encoding="UTF-8"?>
<!-- Generated by org.testng.reporters.JUnitReportReporter -->
<testsuite hostname="Gagans-MBP" failures="0" tests="3" name="com.digiboxx.testcases.HomePageTest" time="83.360" errors="0" timestamp="2022-05-31T22:58:35 CDT" skipped="0">
  <testcase classname="com.digiboxx.testcases.HomePageTest" name="VerifyQuickAccess" time="28.724"/>
  <system-out/>
  <testcase classname="com.digiboxx.testcases.HomePageTest" name="VerifyStarred" time="27.795"/>
  <system-out/>
  <testcase classname="com.digiboxx.testcases.HomePageTest" name="VerifyShared" time="26.841"/>
  <system-out/>
</testsuite> <!-- com.digiboxx.testcases.HomePageTest -->
