<?xml version="1.0" encoding="UTF-8"?>
<!-- Generated by org.testng.reporters.JUnitReportReporter -->
<testsuite hostname="Gagans-MBP" failures="0" tests="2" name="com.digiboxx.testcases.LoginPageTest" time="34.724" errors="0" timestamp="2022-05-31T18:29:31 CDT" skipped="0">
  <testcase classname="com.digiboxx.testcases.LoginPageTest" name="loginTest" time="19.202"/>
  <system-out/>
  <testcase classname="com.digiboxx.testcases.LoginPageTest" name="DigiBoxxLogoTest" time="15.522"/>
  <system-out/>
</testsuite> <!-- com.digiboxx.testcases.LoginPageTest -->
